[17:57:09] [main/INFO] (FabricLoader/GameProvider) Loading Minecraft 1.21.5 with Fabric Loader 0.17.3
[17:57:09] [main/DEBUG] (FabricLoader/GamePatch) Found game constructor: net.minecraft.client.main.Main -> net.minecraft.client.MinecraftClient
[17:57:09] [main/DEBUG] (FabricLoader/GamePatch) Patching game constructor <init>(Lnet/minecraft/client/RunArgs;)V
[17:57:09] [main/DEBUG] (FabricLoader/GamePatch) Run directory field is thought to be net/minecraft/client/MinecraftClient/runDirectory
[17:57:09] [main/DEBUG] (FabricLoader/GamePatch) Applying brand name hook to net/minecraft/client/ClientBrandRetriever::getClientModName
[17:57:09] [main/DEBUG] (FabricLoader/GamePatch) Applying brand name hook to net/minecraft/server/MinecraftServer::getServerModName
[17:57:09] [main/DEBUG] (FabricLoader/Mappings) Loading mappings took 99.86 ms
[17:57:09] [main/DEBUG] (FabricLoader/GamePatch) Patched 3 classs
[17:57:09] [main/DEBUG] (FabricLoader/Discovery) Skipping missing class path group entry C:\Users\djtuc\IdeaProjects\FarmerAddons\out\production\FarmerAddons.main
[17:57:09] [main/DEBUG] (FabricLoader/Discovery) Skipping missing class path group entry C:\Users\djtuc\IdeaProjects\FarmerAddons\out\production\classes
[17:57:09] [main/DEBUG] (FabricLoader/Discovery) Skipping missing class path group entry C:\Users\djtuc\IdeaProjects\FarmerAddons\out\production\resources
[17:57:09] [main/DEBUG] (FabricLoader/Discovery) Skipping missing class path group entry C:\Users\djtuc\IdeaProjects\FarmerAddons\out\production\FarmerAddons.client
[17:57:09] [main/DEBUG] (FabricLoader/Discovery) Skipping missing class path group entry C:\Users\djtuc\IdeaProjects\FarmerAddons\out\client\classes
[17:57:09] [main/DEBUG] (FabricLoader/Discovery) Skipping missing class path group entry C:\Users\djtuc\IdeaProjects\FarmerAddons\out\client\resources
[17:57:09] [main/DEBUG] (FabricLoader/Discovery) Skipping class path group with no effect: C:\Users\djtuc\IdeaProjects\FarmerAddons\.gradle\loom-cache\remapped_mods\remapped\net\fabricmc\fabric-api\fabric-block-view-api-v2-024a9afe-common\1.0.26+aa6d566c49\fabric-block-view-api-v2-024a9afe-common-1.0.26+aa6d566c49.jar;C:\Users\djtuc\IdeaProjects\FarmerAddons\.gradle\loom-cache\remapped_mods\remapped\net\fabricmc\fabric-api\fabric-block-view-api-v2-024a9afe-client\1.0.26+aa6d566c49\fabric-block-view-api-v2-024a9afe-client-1.0.26+aa6d566c49.jar
[17:57:09] [main/DEBUG] (FabricLoader/Discovery) Skipping class path group with no effect: C:\Users\djtuc\IdeaProjects\FarmerAddons\.gradle\loom-cache\remapped_mods\remapped\net\fabricmc\fabric-api\fabric-command-api-v2-024a9afe-common\2.2.49+73a52b4b49\fabric-command-api-v2-024a9afe-common-2.2.49+73a52b4b49.jar;C:\Users\djtuc\IdeaProjects\FarmerAddons\.gradle\loom-cache\remapped_mods\remapped\net\fabricmc\fabric-api\fabric-command-api-v2-024a9afe-client\2.2.49+73a52b4b49\fabric-command-api-v2-024a9afe-client-2.2.49+73a52b4b49.jar
[17:57:09] [main/DEBUG] (FabricLoader/Discovery) Skipping class path group with no effect: C:\Users\djtuc\IdeaProjects\FarmerAddons\.gradle\loom-cache\remapped_mods\remapped\net\fabricmc\fabric-api\fabric-data-attachment-api-v1-024a9afe-common\1.8.5+6d9989f349\fabric-data-attachment-api-v1-024a9afe-common-1.8.5+6d9989f349.jar;C:\Users\djtuc\IdeaProjects\FarmerAddons\.gradle\loom-cache\remapped_mods\remapped\net\fabricmc\fabric-api\fabric-data-attachment-api-v1-024a9afe-client\1.8.5+6d9989f349\fabric-data-attachment-api-v1-024a9afe-client-1.8.5+6d9989f349.jar
[17:57:09] [main/DEBUG] (FabricLoader/Discovery) Skipping class path group with no effect: C:\Users\djtuc\IdeaProjects\FarmerAddons\.gradle\loom-cache\remapped_mods\remapped\net\fabricmc\fabric-api\fabric-data-generation-api-v1-024a9afe-common\22.5.2+a0fab30c49\fabric-data-generation-api-v1-024a9afe-common-22.5.2+a0fab30c49.jar;C:\Users\djtuc\IdeaProjects\FarmerAddons\.gradle\loom-cache\remapped_mods\remapped\net\fabricmc\fabric-api\fabric-data-generation-api-v1-024a9afe-client\22.5.2+a0fab30c49\fabric-data-generation-api-v1-024a9afe-client-22.5.2+a0fab30c49.jar
[17:57:09] [main/DEBUG] (FabricLoader/Discovery) Skipping class path group with no effect: C:\Users\djtuc\IdeaProjects\FarmerAddons\.gradle\loom-cache\remapped_mods\remapped\net\fabricmc\fabric-api\fabric-events-interaction-v0-024a9afe-common\4.0.15+64e3057949\fabric-events-interaction-v0-024a9afe-common-4.0.15+64e3057949.jar;C:\Users\djtuc\IdeaProjects\FarmerAddons\.gradle\loom-cache\remapped_mods\remapped\net\fabricmc\fabric-api\fabric-events-interaction-v0-024a9afe-client\4.0.15+64e3057949\fabric-events-interaction-v0-024a9afe-client-4.0.15+64e3057949.jar
[17:57:09] [main/DEBUG] (FabricLoader/Discovery) Skipping class path group with no effect: C:\Users\djtuc\IdeaProjects\FarmerAddons\.gradle\loom-cache\remapped_mods\remapped\net\fabricmc\fabric-api\fabric-game-rule-api-v1-024a9afe-common\1.0.70+c327076a49\fabric-game-rule-api-v1-024a9afe-common-1.0.70+c327076a49.jar;C:\Users\djtuc\IdeaProjects\FarmerAddons\.gradle\loom-cache\remapped_mods\remapped\net\fabricmc\fabric-api\fabric-game-rule-api-v1-024a9afe-client\1.0.70+c327076a49\fabric-game-rule-api-v1-024a9afe-client-1.0.70+c327076a49.jar
[17:57:09] [main/DEBUG] (FabricLoader/Discovery) Skipping class path group with no effect: C:\Users\djtuc\IdeaProjects\FarmerAddons\.gradle\loom-cache\remapped_mods\remapped\net\fabricmc\fabric-api\fabric-item-api-v1-024a9afe-common\11.5.0+0620fe4749\fabric-item-api-v1-024a9afe-common-11.5.0+0620fe4749.jar;C:\Users\djtuc\IdeaProjects\FarmerAddons\.gradle\loom-cache\remapped_mods\remapped\net\fabricmc\fabric-api\fabric-item-api-v1-024a9afe-client\11.5.0+0620fe4749\fabric-item-api-v1-024a9afe-client-11.5.0+0620fe4749.jar
[17:57:09] [main/DEBUG] (FabricLoader/Discovery) Skipping class path group with no effect: C:\Users\djtuc\IdeaProjects\FarmerAddons\.gradle\loom-cache\remapped_mods\remapped\net\fabricmc\fabric-api\fabric-item-group-api-v1-024a9afe-common\4.2.9+3459fc6149\fabric-item-group-api-v1-024a9afe-common-4.2.9+3459fc6149.jar;C:\Users\djtuc\IdeaProjects\FarmerAddons\.gradle\loom-cache\remapped_mods\remapped\net\fabricmc\fabric-api\fabric-item-group-api-v1-024a9afe-client\4.2.9+3459fc6149\fabric-item-group-api-v1-024a9afe-client-4.2.9+3459fc6149.jar
[17:57:09] [main/DEBUG] (FabricLoader/Discovery) Skipping class path group with no effect: C:\Users\djtuc\IdeaProjects\FarmerAddons\.gradle\loom-cache\remapped_mods\remapped\net\fabricmc\fabric-api\fabric-lifecycle-events-v1-024a9afe-common\2.6.0+230071a049\fabric-lifecycle-events-v1-024a9afe-common-2.6.0+230071a049.jar;C:\Users\djtuc\IdeaProjects\FarmerAddons\.gradle\loom-cache\remapped_mods\remapped\net\fabricmc\fabric-api\fabric-lifecycle-events-v1-024a9afe-client\2.6.0+230071a049\fabric-lifecycle-events-v1-024a9afe-client-2.6.0+230071a049.jar
[17:57:09] [main/DEBUG] (FabricLoader/Discovery) Skipping class path group with no effect: C:\Users\djtuc\IdeaProjects\FarmerAddons\.gradle\loom-cache\remapped_mods\remapped\net\fabricmc\fabric-api\fabric-message-api-v1-024a9afe-common\6.1.0+fe971bba49\fabric-message-api-v1-024a9afe-common-6.1.0+fe971bba49.jar;C:\Users\djtuc\IdeaProjects\FarmerAddons\.gradle\loom-cache\remapped_mods\remapped\net\fabricmc\fabric-api\fabric-message-api-v1-024a9afe-client\6.1.0+fe971bba49\fabric-message-api-v1-024a9afe-client-6.1.0+fe971bba49.jar
[17:57:09] [main/DEBUG] (FabricLoader/Discovery) Skipping class path group with no effect: C:\Users\djtuc\IdeaProjects\FarmerAddons\.gradle\loom-cache\remapped_mods\remapped\net\fabricmc\fabric-api\fabric-networking-api-v1-024a9afe-common\4.5.0+775be32c49\fabric-networking-api-v1-024a9afe-common-4.5.0+775be32c49.jar;C:\Users\djtuc\IdeaProjects\FarmerAddons\.gradle\loom-cache\remapped_mods\remapped\net\fabricmc\fabric-api\fabric-networking-api-v1-024a9afe-client\4.5.0+775be32c49\fabric-networking-api-v1-024a9afe-client-4.5.0+775be32c49.jar
[17:57:09] [main/DEBUG] (FabricLoader/Discovery) Skipping class path group with no effect: C:\Users\djtuc\IdeaProjects\FarmerAddons\.gradle\loom-cache\remapped_mods\remapped\net\fabricmc\fabric-api\fabric-object-builder-api-v1-024a9afe-common\21.1.2+b8d6ba7049\fabric-object-builder-api-v1-024a9afe-common-21.1.2+b8d6ba7049.jar;C:\Users\djtuc\IdeaProjects\FarmerAddons\.gradle\loom-cache\remapped_mods\remapped\net\fabricmc\fabric-api\fabric-object-builder-api-v1-024a9afe-client\21.1.2+b8d6ba7049\fabric-object-builder-api-v1-024a9afe-client-21.1.2+b8d6ba7049.jar
[17:57:09] [main/DEBUG] (FabricLoader/Discovery) Skipping class path group with no effect: C:\Users\djtuc\IdeaProjects\FarmerAddons\.gradle\loom-cache\remapped_mods\remapped\net\fabricmc\fabric-api\fabric-particles-v1-024a9afe-common\4.1.2+112e550e49\fabric-particles-v1-024a9afe-common-4.1.2+112e550e49.jar;C:\Users\djtuc\IdeaProjects\FarmerAddons\.gradle\loom-cache\remapped_mods\remapped\net\fabricmc\fabric-api\fabric-particles-v1-024a9afe-client\4.1.2+112e550e49\fabric-particles-v1-024a9afe-client-4.1.2+112e550e49.jar
[17:57:09] [main/DEBUG] (FabricLoader/Discovery) Skipping class path group with no effect: C:\Users\djtuc\IdeaProjects\FarmerAddons\.gradle\loom-cache\remapped_mods\remapped\net\fabricmc\fabric-api\fabric-recipe-api-v1-024a9afe-common\8.1.8+3235ab3249\fabric-recipe-api-v1-024a9afe-common-8.1.8+3235ab3249.jar;C:\Users\djtuc\IdeaProjects\FarmerAddons\.gradle\loom-cache\remapped_mods\remapped\net\fabricmc\fabric-api\fabric-recipe-api-v1-024a9afe-client\8.1.8+3235ab3249\fabric-recipe-api-v1-024a9afe-client-8.1.8+3235ab3249.jar
[17:57:09] [main/DEBUG] (FabricLoader/Discovery) Skipping class path group with no effect: C:\Users\djtuc\IdeaProjects\FarmerAddons\.gradle\loom-cache\remapped_mods\remapped\net\fabricmc\fabric-api\fabric-registry-sync-v0-024a9afe-common\6.1.22+cd64004349\fabric-registry-sync-v0-024a9afe-common-6.1.22+cd64004349.jar;C:\Users\djtuc\IdeaProjects\FarmerAddons\.gradle\loom-cache\remapped_mods\remapped\net\fabricmc\fabric-api\fabric-registry-sync-v0-024a9afe-client\6.1.22+cd64004349\fabric-registry-sync-v0-024a9afe-client-6.1.22+cd64004349.jar
[17:57:09] [main/DEBUG] (FabricLoader/Discovery) Skipping class path group with no effect: C:\Users\djtuc\IdeaProjects\FarmerAddons\.gradle\loom-cache\remapped_mods\remapped\net\fabricmc\fabric-api\fabric-rendering-data-attachment-v1-024a9afe-common\0.3.64+73761d2e49\fabric-rendering-data-attachment-v1-024a9afe-common-0.3.64+73761d2e49.jar;C:\Users\djtuc\IdeaProjects\FarmerAddons\.gradle\loom-cache\remapped_mods\remapped\net\fabricmc\fabric-api\fabric-rendering-data-attachment-v1-024a9afe-client\0.3.64+73761d2e49\fabric-rendering-data-attachment-v1-024a9afe-client-0.3.64+73761d2e49.jar
[17:57:09] [main/DEBUG] (FabricLoader/Discovery) Skipping class path group with no effect: C:\Users\djtuc\IdeaProjects\FarmerAddons\.gradle\loom-cache\remapped_mods\remapped\net\fabricmc\fabric-api\fabric-rendering-fluids-v1-024a9afe-common\3.1.27+86c3a9f149\fabric-rendering-fluids-v1-024a9afe-common-3.1.27+86c3a9f149.jar;C:\Users\djtuc\IdeaProjects\FarmerAddons\.gradle\loom-cache\remapped_mods\remapped\net\fabricmc\fabric-api\fabric-rendering-fluids-v1-024a9afe-client\3.1.27+86c3a9f149\fabric-rendering-fluids-v1-024a9afe-client-3.1.27+86c3a9f149.jar
[17:57:09] [main/DEBUG] (FabricLoader/Discovery) Skipping class path group with no effect: C:\Users\djtuc\IdeaProjects\FarmerAddons\.gradle\loom-cache\remapped_mods\remapped\net\fabricmc\fabric-api\fabric-resource-loader-v0-024a9afe-common\3.1.7+847e5f5c49\fabric-resource-loader-v0-024a9afe-common-3.1.7+847e5f5c49.jar;C:\Users\djtuc\IdeaProjects\FarmerAddons\.gradle\loom-cache\remapped_mods\remapped\net\fabricmc\fabric-api\fabric-resource-loader-v0-024a9afe-client\3.1.7+847e5f5c49\fabric-resource-loader-v0-024a9afe-client-3.1.7+847e5f5c49.jar
[17:57:09] [main/DEBUG] (FabricLoader/Discovery) Skipping class path group with no effect: C:\Users\djtuc\IdeaProjects\FarmerAddons\.gradle\loom-cache\remapped_mods\remapped\net\fabricmc\fabric-api\fabric-screen-handler-api-v1-024a9afe-common\1.3.129+c327076a49\fabric-screen-handler-api-v1-024a9afe-common-1.3.129+c327076a49.jar;C:\Users\djtuc\IdeaProjects\FarmerAddons\.gradle\loom-cache\remapped_mods\remapped\net\fabricmc\fabric-api\fabric-screen-handler-api-v1-024a9afe-client\1.3.129+c327076a49\fabric-screen-handler-api-v1-024a9afe-client-1.3.129+c327076a49.jar
[17:57:09] [main/DEBUG] (FabricLoader/Discovery) Skipping class path group with no effect: C:\Users\djtuc\IdeaProjects\FarmerAddons\.gradle\loom-cache\remapped_mods\remapped\net\fabricmc\fabric-api\fabric-transfer-api-v1-024a9afe-common\5.4.24+7b20cbb049\fabric-transfer-api-v1-024a9afe-common-5.4.24+7b20cbb049.jar;C:\Users\djtuc\IdeaProjects\FarmerAddons\.gradle\loom-cache\remapped_mods\remapped\net\fabricmc\fabric-api\fabric-transfer-api-v1-024a9afe-client\5.4.24+7b20cbb049\fabric-transfer-api-v1-024a9afe-client-5.4.24+7b20cbb049.jar
[17:57:09] [main/DEBUG] (FabricLoader/Discovery) Mod discovery time: 38.7 ms
[17:57:09] [main/WARN] (FabricLoader/Resolution) Mod resolution failed
[17:57:09] [main/INFO] (FabricLoader/Resolution) Immediate reason: [HARD_DEP_INCOMPATIBLE_PRESELECTED fabric-api 0.119.2+1.21.4 {depends minecraft @ [>=1.21.4- <1.21.5-]}, ROOT_FORCELOAD_SINGLE fabric-api 0.119.2+1.21.4]
[17:57:09] [main/INFO] (FabricLoader/Resolution) Reason: [HARD_DEP fabric-api 0.119.2+1.21.4 {depends minecraft @ [>=1.21.4- <1.21.5-]}, HARD_DEP farmeraddons 1.0-SNAPSHOT {depends minecraft @ [1.21.4]}]
[17:57:09] [main/INFO] (FabricLoader/Resolution) Fix: add [], remove [], replace [[minecraft 1.21.5] -> add:minecraft 1.21.4 ([[1.21.4,1.21.4]])]
[17:57:09] [main/ERROR] (FabricLoader) Incompatible mods found!
net.fabricmc.loader.impl.FormattedException: Some of your mods are incompatible with the game or each other!
A potential solution has been determined, this may resolve your problem:
	 - Replace 'Minecraft' (minecraft) 1.21.5 with version 1.21.4.
More details:
	 - Mod 'Fabric API' (fabric-api) 0.119.2+1.21.4 requires any version between 1.21.4- (inclusive) and 1.21.5- (exclusive) of 'Minecraft' (minecraft), but only the wrong version is present: 1.21.5!
	 - Mod 'FarmerAddons' (farmeraddons) 1.0-SNAPSHOT requires version 1.21.4 of 'Minecraft' (minecraft), but only the wrong version is present: 1.21.5!
	at net.fabricmc.loader.impl.FormattedException.ofLocalized(FormattedException.java:51) ~[fabric-loader-0.17.3.jar:?]
	at net.fabricmc.loader.impl.FabricLoaderImpl.load(FabricLoaderImpl.java:202) ~[fabric-loader-0.17.3.jar:?]
	at net.fabricmc.loader.impl.launch.knot.Knot.init(Knot.java:142) ~[fabric-loader-0.17.3.jar:?]
	at net.fabricmc.loader.impl.launch.knot.Knot.launch(Knot.java:66) [fabric-loader-0.17.3.jar:?]
	at net.fabricmc.loader.impl.launch.knot.KnotClient.main(KnotClient.java:23) [fabric-loader-0.17.3.jar:?]
	at net.fabricmc.devlaunchinjector.Main.main(Main.java:86) [dev-launch-injector-0.2.1+build.8.jar:?]
